<?xml version="1.0" encoding="UTF-8"?>
<testsuite name="com.yum.MapperTests" tests="5" skipped="0" failures="0" errors="0" timestamp="2022-08-11T10:57:58" hostname="DESKTOP-TV9JTB4" time="0.276">
  <properties/>
  <testcase name="testOfDelete()" classname="com.yum.MapperTests" time="0.012"/>
  <testcase name="패스워드 암호화 테스트" classname="com.yum.MapperTests" time="0.178"/>
  <testcase name="testOfUpdate()" classname="com.yum.MapperTests" time="0.011"/>
  <testcase name="testOfSelectOrderHistory()" classname="com.yum.MapperTests" time="0.014"/>
  <testcase name="testOfSelectDetail()" classname="com.yum.MapperTests" time="0.058"/>
  <system-out><![CDATA[2022-08-11 19:57:58,902 DEBUG [com.yum.mapper.MemberMapper.deleteMember] ==>  Preparing: UPDATE MEMBER SET delete_yn = 'Y' WHERE user_num = ?
2022-08-11 19:57:58,903 DEBUG [com.yum.mapper.MemberMapper.deleteMember] ==> Parameters: 50(Long)
2022-08-11 19:57:58,903  INFO [jdbc.sqlonly] UPDATE MEMBER
		   SET delete_yn = 'Y'
		 WHERE user_num = 50

2022-08-11 19:57:58,908 DEBUG [com.yum.mapper.MemberMapper.deleteMember] <==    Updates: 0
2022-08-11 19:57:59,093 DEBUG [com.yum.mapper.MemberMapper.updateMember] ==>  Preparing: UPDATE MEMBER SET name = ? , tel = ? , email = ? WHERE user_num = ?
2022-08-11 19:57:59,095 DEBUG [com.yum.mapper.MemberMapper.updateMember] ==> Parameters: 김아무개(String), 010-1234-5678(String), amugae@gmail.com(String), 2(Integer)
2022-08-11 19:57:59,095  INFO [jdbc.sqlonly] UPDATE MEMBER
		   SET name = '김아무개'
				, tel = '010-1234-5678'
				, email = 'amugae@gmail.com'
		 WHERE user_num = 2

2022-08-11 19:57:59,100 DEBUG [com.yum.mapper.MemberMapper.updateMember] <==    Updates: 1
2022-08-11 19:57:59,107 DEBUG [com.yum.mapper.MypageMapper.selectOrderHistory] ==>  Preparing: SELECT o."order_num" , o."user_num" , o."order_time" , b.BRANCH_NAME , o."total_price" , d."qty" , d."price" , s.INFO , p.NAME FROM "order_detail" d, "order" o , BRANCH b , PRODUCT p , SHOTCUSTOM S WHERE d."order_num" IN ( SELECT "order_num" FROM ( SELECT ROW_NUMBER() OVER(ORDER BY o."order_time" DESC) AS rnum , o."order_num" FROM "order" o WHERE "user_num" = ? AND "order_time" >= (CURRENT_DATE-?+1) ) WHERE (?+5) > rnum AND rnum >= ? ) AND d."order_num" = o."order_num" AND o."branch_num" = b.BRANCH_NUM AND d."product_num"=p.PRODUCT_NUM AND d."shot_custom"=s.SHOT_CUSTOM ORDER BY o."order_time" DESC , p.NAME ASC
2022-08-11 19:57:59,107 DEBUG [com.yum.mapper.MypageMapper.selectOrderHistory] ==> Parameters: 2(Integer), 30(Integer), 1(Integer), 1(Integer)
2022-08-11 19:57:59,107  INFO [jdbc.sqlonly] SELECT  
	           o."order_num"
	            , o."user_num"  
	            , o."order_time" 
	            , b.BRANCH_NAME
	            , o."total_price" 
	            , d."qty" 
	            , d."price" 
	            , s.INFO
	            , p.NAME 
	       FROM 
	            "order_detail" d,
	            "order" o 
	            , BRANCH b
	            , PRODUCT p
	            , SHOTCUSTOM S 
	       WHERE 
	            d."order_num" IN (
	            SELECT 
	               "order_num"
	            FROM ( 
                    SELECT 
                        ROW_NUMBER() OVER(ORDER BY o."order_time" DESC) AS rnum
                        , o."order_num" 
                    FROM 
                        "order" o
                    WHERE 
                        "user_num" = 2
                    AND 
                        "order_time" >= (CURRENT_DATE-30+1)
	             ) 
	             WHERE 
	                (1+5) > rnum AND rnum >= 1
	        )
	        AND 
	             d."order_num" = o."order_num"
	        AND 
	             o."branch_num" = b.BRANCH_NUM
            AND  
                 d."product_num"=p.PRODUCT_NUM 
            AND
                d."shot_custom"=s.SHOT_CUSTOM
            ORDER BY 
                o."order_time" DESC
                , p.NAME ASC

2022-08-11 19:57:59,114  INFO [jdbc.resultsettable] 
|----------|---------|-----------|------------|------------|----|------|-----|-----|
|order_num |user_num |order_time |branch_name |total_price |qty |price |info |name |
|----------|---------|-----------|------------|------------|----|------|-----|-----|
|----------|---------|-----------|------------|------------|----|------|-----|-----|

2022-08-11 19:57:59,114 DEBUG [com.yum.mapper.MypageMapper.selectOrderHistory] <==      Total: 0
[]
2022-08-11 19:57:59,120 DEBUG [com.yum.mapper.MemberMapper.selectMemberDetail] ==>  Preparing: SELECT name, id, pw, tel, email, birth, authority, stamp, delete_yn, branch_num FROM MEMBER WHERE user_num = ?
2022-08-11 19:57:59,120 DEBUG [com.yum.mapper.MemberMapper.selectMemberDetail] ==> Parameters: 1(Long)
2022-08-11 19:57:59,120  INFO [jdbc.sqlonly] SELECT name, id, pw, tel, email, birth, authority, stamp, delete_yn, branch_num
		  FROM MEMBER
		 WHERE user_num = 1

2022-08-11 19:57:59,128  INFO [jdbc.resultsettable] 
|-----|-------|-------------------------------------------------------------|--------------|---------------------|--------------------|----------|------|----------|-----------|
|name |id     |pw                                                           |tel           |email                |birth               |authority |stamp |delete_yn |branch_num |
|-----|-------|-------------------------------------------------------------|--------------|---------------------|--------------------|----------|------|----------|-----------|
|염휘원  |huywon |$2a$10$PPlCjVBMZ9eoWnxXO7QmMuitxWevc26n7uwSAm7Fz1ws5fodJQOHi |010-8888-8888 |duagnldnjs@gmail.com |2022-07-27 17:17:53 |3         |4     |N         |[unread]   |
|-----|-------|-------------------------------------------------------------|--------------|---------------------|--------------------|----------|------|----------|-----------|

2022-08-11 19:57:59,128 DEBUG [com.yum.mapper.MemberMapper.selectMemberDetail] <==      Total: 1
=========================
{"userNum":0,"id":"huywon","name":"염휘원","pw":"$2a$10$PPlCjVBMZ9eoWnxXO7QmMuitxWevc26n7uwSAm7Fz1ws5fodJQOHi","tel":"010-8888-8888","email":"duagnldnjs@gmail.com","birth":"2022-07-27 17:17:53","authority":3,"stamp":"4","deleteYn":"N"}
=========================
]]></system-out>
  <system-err><![CDATA[]]></system-err>
</testsuite>
