<?xml version="1.0" encoding="UTF-8"?>
<testsuite name="com.yum.MapperTests" tests="1" skipped="0" failures="0" errors="0" timestamp="2022-06-28T02:49:49" hostname="DESKTOP-JOQGUOP" time="0.009">
  <properties/>
  <testcase name="test()" classname="com.yum.MapperTests" time="0.009"/>
  <system-out><![CDATA[java.lang.NullPointerException
]]></system-out>
  <system-err><![CDATA[]]></system-err>
</testsuite>
